g.user : None, time : 0.0
g.user : None, time : 0.0
g.user : None, time : 0.0
g.user : None, time : 0.0
g.user : None, time : 0.0
g.user : None, time : 0.0
g.user : None, time : 0.0
g.user : None, time : 0.0
g.user : None, time : 0.0
g.user : None, time : 0.0
g.user : None, time : 0.0
g.user : None, time : 0.0
g.user : None, time : 0.0
g.user : None, time : 0.0
g.user : None, time : 0.0
g.user : None, time : 0.0
g.user : None, time : 0.0
g.user : None, time : 0.0
g.user : None, time : 0.0
g.user : None, time : 0.0
g.user : None, time : 0.0
g.user : None, time : 0.0
g.user : None, time : 0.0
g.user : None, time : 0.0
g.user : None, time : 0.0
g.user : None, time : 0.0
g.user : None, time : 0.0
g.user : None, time : 0.0
g.user : None, time : 0.0
g.user : None, time : 0.0
g.user : None, time : 0.0
g.user : None, time : 0.0007081031799316406
g.user : None, time : 0.0007081031799316406
g.user : None, time : 0.0
g.user : None, time : 0.0
g.user : None, time : 0.0
g.user : <sqlite3.Row object at 0x00000220A58ADC00>, time : 0.0010383129119873047
g.user : <sqlite3.Row object at 0x00000220A58ADC00>, time : 0.0010383129119873047
g.user : <sqlite3.Row object at 0x00000220A58ADC00>, time : 0.0010383129119873047
g.user : None, time : 0.0
g.user : None, time : 0.0
g.user : None, time : 0.0
g.user : None, time : 0.0
g.user : None, time : 0.0
g.user : None, time : 0.0
g.user : None, time : 0.0
g.user : None, time : 0.0
g.user : None, time : 0.0
g.user : None, time : 0.0
g.user : None, time : 0.0
g.user : None, time : 0.0
g.user : None, time : 0.0
g.user : None, time : 0.0
g.user : None, time : 0.0
g.user : <sqlite3.Row object at 0x00000220A5756C20>, time : 0.0010085105895996094
g.user : <sqlite3.Row object at 0x00000220A5756C20>, time : 0.0010085105895996094
g.user : <sqlite3.Row object at 0x00000220A5756C20>, time : 0.0010085105895996094
g.user : <sqlite3.Row object at 0x00000220A5756C20>, time : 0.0010085105895996094
g.user : <sqlite3.Row object at 0x00000220A5756C20>, time : 0.0010085105895996094
g.user : <sqlite3.Row object at 0x00000220A5756C20>, time : 0.0010085105895996094
g.user : None, time : 0.0
g.user : None, time : 0.0
g.user : None, time : 0.0
g.user : None, time : 0.0
g.user : None, time : 0.0
g.user : None, time : 0.0
g.user : None, time : 0.0
g.user : None, time : 0.0
g.user : None, time : 0.0
g.user : None, time : 0.0
g.user : None, time : 0.0
g.user : None, time : 0.0
g.user : None, time : 0.0
g.user : None, time : 0.0
g.user : None, time : 0.0
g.user : None, time : 0.0
g.user : None, time : 0.0
g.user : None, time : 0.0
g.user : None, time : 0.0
g.user : None, time : 0.0
g.user : None, time : 0.0
g.user : None, time : 0.0
g.user : None, time : 0.0
g.user : None, time : 0.0
g.user : None, time : 0.0
g.user : None, time : 0.0
g.user : None, time : 0.0
g.user : <sqlite3.Row object at 0x0000020A59C65840>, time : 0.0
g.user : <sqlite3.Row object at 0x0000020A59C65840>, time : 0.0
g.user : <sqlite3.Row object at 0x0000020A59C65840>, time : 0.0
g.user : None, time : 0.0
g.user : None, time : 0.0
g.user : None, time : 0.0
g.user : None, time : 0.0
g.user : None, time : 0.0
g.user : None, time : 0.0
g.user : None, time : 0.0
g.user : None, time : 0.0
g.user : None, time : 0.0
g.user : None, time : 0.0
g.user : None, time : 0.0
g.user : None, time : 0.0
g.user : None, time : 0.0
g.user : None, time : 0.0
g.user : None, time : 0.0
g.user : <sqlite3.Row object at 0x0000020A589A5390>, time : 0.0010955333709716797
g.user : <sqlite3.Row object at 0x0000020A589A5390>, time : 0.0010955333709716797
g.user : <sqlite3.Row object at 0x0000020A589A5390>, time : 0.0010955333709716797
g.user : <sqlite3.Row object at 0x0000020A589A5390>, time : 0.0010955333709716797
g.user : <sqlite3.Row object at 0x0000020A589A5390>, time : 0.0010955333709716797
g.user : <sqlite3.Row object at 0x0000020A589A5390>, time : 0.0010955333709716797
g.user : None, time : 0.0
g.user : None, time : 0.0
g.user : None, time : 0.0
g.user : None, time : 0.0
g.user : None, time : 0.0
g.user : None, time : 0.0
g.user : None, time : 0.0
g.user : None, time : 0.0
g.user : None, time : 0.0
g.user : None, time : 0.0
g.user : None, time : 0.0
g.user : None, time : 0.0
g.user : None, time : 0.0
g.user : None, time : 0.0
g.user : None, time : 0.0
g.user : None, time : 0.0
g.user : None, time : 0.0
g.user : None, time : 0.0
g.user : None, time : 0.0
g.user : None, time : 0.0
g.user : None, time : 0.0
g.user : None, time : 0.0
g.user : None, time : 0.0
g.user : None, time : 0.0
g.user : None, time : 0.0
g.user : None, time : 0.0
g.user : None, time : 0.0
g.user : <sqlite3.Row object at 0x000001A73D4759C0>, time : 0.0
g.user : <sqlite3.Row object at 0x000001A73D4759C0>, time : 0.0
g.user : <sqlite3.Row object at 0x000001A73D4759C0>, time : 0.0
g.user : None, time : 0.0
g.user : None, time : 0.0
g.user : None, time : 0.0
g.user : None, time : 0.0
g.user : None, time : 0.0
g.user : None, time : 0.0
g.user : None, time : 0.0
g.user : None, time : 0.0
g.user : None, time : 0.0
g.user : None, time : 0.0
g.user : None, time : 0.0
g.user : None, time : 0.0
g.user : None, time : 0.0
g.user : None, time : 0.0
g.user : None, time : 0.0
g.user : <sqlite3.Row object at 0x000001A73D4789D0>, time : 0.0
g.user : <sqlite3.Row object at 0x000001A73D4789D0>, time : 0.0
g.user : <sqlite3.Row object at 0x000001A73D4789D0>, time : 0.0
g.user : <sqlite3.Row object at 0x000001A73D4789D0>, time : 0.0
g.user : <sqlite3.Row object at 0x000001A73D4789D0>, time : 0.0
g.user : <sqlite3.Row object at 0x000001A73D4789D0>, time : 0.0
g.user : None, time : 0.0
g.user : None, time : 0.0
g.user : None, time : 0.0
g.user : None, time : 0.0
g.user : None, time : 0.0
g.user : None, time : 0.0
g.user : None, time : 0.0
g.user : None, time : 0.0
g.user : None, time : 0.0
g.user : None, time : 0.0
g.user : None, time : 0.0
g.user : None, time : 0.0
g.user : None, time : 0.0
g.user : None, time : 0.0
g.user : <sqlite3.Row object at 0x000001A73D47A740>, time : 0.0
g.user : <sqlite3.Row object at 0x000001A73D47A740>, time : 0.0
g.user : <sqlite3.Row object at 0x000001A73D47A740>, time : 0.0
g.user : <sqlite3.Row object at 0x000001A73D47A740>, time : 0.0
g.user : <sqlite3.Row object at 0x000001A73D47A740>, time : 0.0
g.user : <sqlite3.Row object at 0x000001A73D47A740>, time : 0.0
g.user : <sqlite3.Row object at 0x000001A73D47A740>, time : 0.0
g.user : None, time : 0.0005595684051513672
g.user : None, time : 0.0005595684051513672
g.user : None, time : 0.0005595684051513672
g.user : None, time : 0.0005595684051513672
g.user : None, time : 0.0005595684051513672
g.user : None, time : 0.0005595684051513672
g.user : None, time : 0.0005595684051513672
g.user : None, time : 0.0005595684051513672
g.user : None, time : 0.0005595684051513672
g.user : None, time : 0.0005595684051513672
g.user : None, time : 0.0005595684051513672
g.user : None, time : 0.0005595684051513672
2022-03-21 20:15:12 -   INFO   -       werkzeug       -  * Running on http://127.0.0.1:5000/ (Press CTRL+C to quit)
2022-03-21 20:15:15 - WARNING  -        flaskr        - request response time: 0.01562190055847168, response : /
2022-03-21 20:15:15 - WARNING  -        flaskr        - request response time: 0.01562190055847168, response : /
2022-03-21 20:15:16 -   INFO   -       werkzeug       - 127.0.0.1 - - [21/Mar/2022 20:15:16] "GET / HTTP/1.1" 200 -
2022-03-21 20:15:16 - WARNING  -        flaskr        - request response time: 0.0469059944152832, response : /static/styles/index.css
2022-03-21 20:15:16 - WARNING  -        flaskr        - request response time: 0.0, response : /static/styles/logo_top.png
2022-03-21 20:15:16 - WARNING  -        flaskr        - request response time: 0.0469059944152832, response : /static/styles/index.css
2022-03-21 20:15:16 -   INFO   -       werkzeug       - 127.0.0.1 - - [21/Mar/2022 20:15:16] "[36mGET /static/styles/index.css HTTP/1.1[0m" 304 -
2022-03-21 20:15:16 - WARNING  -        flaskr        - request response time: 0.0, response : /static/styles/logo_top.png
2022-03-21 20:15:17 -   INFO   -       werkzeug       - 127.0.0.1 - - [21/Mar/2022 20:15:17] "[36mGET /static/styles/logo_top.png HTTP/1.1[0m" 304 -
2022-03-21 20:15:17 - WARNING  -        flaskr        - request response time: 0.0, response : /static/favicon.ico
2022-03-21 20:15:17 - WARNING  -        flaskr        - request response time: 0.0, response : /static/favicon.ico
2022-03-21 20:15:17 -   INFO   -       werkzeug       - 127.0.0.1 - - [21/Mar/2022 20:15:17] "[36mGET /static/favicon.ico HTTP/1.1[0m" 304 -
2022-03-21 20:16:08 -   INFO   -       werkzeug       -  * Running on http://127.0.0.1:5000/ (Press CTRL+C to quit)
2022-03-21 20:16:13 -   INFO   -        flaskr        - request response time: 0.016764402389526367, response : /
2022-03-21 20:16:13 -   INFO   -        flaskr        - request response time: 0.0, response : /
2022-03-21 20:16:13 -   INFO   -        flaskr        - request response time: 0.016764402389526367, response : /
2022-03-21 20:16:13 -   INFO   -       werkzeug       - 127.0.0.1 - - [21/Mar/2022 20:16:13] "GET / HTTP/1.1" 200 -
2022-03-21 20:16:13 -   INFO   -        flaskr        - request response time: 0.0, response : /
2022-03-21 20:16:13 -   INFO   -       werkzeug       - 127.0.0.1 - - [21/Mar/2022 20:16:13] "GET / HTTP/1.1" 200 -
2022-03-21 20:16:14 -   INFO   -        flaskr        - request response time: 0.031247854232788086, response : /static/styles/index.css
2022-03-21 20:16:14 -   INFO   -        flaskr        - request response time: 0.0, response : /static/styles/logo_top.png
2022-03-21 20:16:14 -   INFO   -        flaskr        - request response time: 0.031247854232788086, response : /static/styles/index.css
2022-03-21 20:16:14 -   INFO   -       werkzeug       - 127.0.0.1 - - [21/Mar/2022 20:16:14] "[36mGET /static/styles/index.css HTTP/1.1[0m" 304 -
2022-03-21 20:16:14 -   INFO   -        flaskr        - request response time: 0.0, response : /static/styles/logo_top.png
2022-03-21 20:16:15 -   INFO   -       werkzeug       - 127.0.0.1 - - [21/Mar/2022 20:16:15] "[36mGET /static/styles/logo_top.png HTTP/1.1[0m" 304 -
2022-03-21 20:16:15 -   INFO   -        flaskr        - request response time: 0.0, response : /static/favicon.ico
2022-03-21 20:16:15 -   INFO   -        flaskr        - request response time: 0.0, response : /static/favicon.ico
2022-03-21 20:16:15 -   INFO   -       werkzeug       - 127.0.0.1 - - [21/Mar/2022 20:16:15] "[36mGET /static/favicon.ico HTTP/1.1[0m" 304 -
2022-03-21 20:21:08 -   INFO   -       werkzeug       -  * Running on http://127.0.0.1:5000/ (Press CTRL+C to quit)
2022-03-21 20:21:38 -   INFO   -       werkzeug       -  * Running on http://127.0.0.1:5000/ (Press CTRL+C to quit)
2022-03-21 20:21:41 -  ERROR   -        flaskr        - request response time: 0.04175877571105957, response : /
2022-03-21 20:21:42 -   INFO   -       werkzeug       - 127.0.0.1 - - [21/Mar/2022 20:21:42] "GET / HTTP/1.1" 200 -
2022-03-21 20:21:42 -  ERROR   -        flaskr        - request response time: 0.04727602005004883, response : /static/styles/index.css
2022-03-21 20:21:42 -  ERROR   -        flaskr        - request response time: 0.0, response : /static/styles/logo_top.png
2022-03-21 20:21:43 -   INFO   -       werkzeug       - 127.0.0.1 - - [21/Mar/2022 20:21:43] "[36mGET /static/styles/index.css HTTP/1.1[0m" 304 -
2022-03-21 20:21:43 -   INFO   -       werkzeug       - 127.0.0.1 - - [21/Mar/2022 20:21:43] "[36mGET /static/styles/logo_top.png HTTP/1.1[0m" 304 -
2022-03-21 20:21:43 -  ERROR   -        flaskr        - request response time: 0.0, response : /static/favicon.ico
2022-03-21 20:21:44 -   INFO   -       werkzeug       - 127.0.0.1 - - [21/Mar/2022 20:21:44] "[36mGET /static/favicon.ico HTTP/1.1[0m" 304 -
2022-03-21 20:22:27 -   INFO   -       werkzeug       -  * Running on http://127.0.0.1:5000/ (Press CTRL+C to quit)
2022-03-21 20:22:32 -  ERROR   -        flaskr        - request response time: 0.015639781951904297, response : /
2022-03-21 20:22:33 -   INFO   -       werkzeug       - 127.0.0.1 - - [21/Mar/2022 20:22:33] "GET / HTTP/1.1" 200 -
2022-03-21 20:22:33 -  ERROR   -        flaskr        - request response time: 0.031266212463378906, response : /static/styles/index.css
2022-03-21 20:22:33 -  ERROR   -        flaskr        - request response time: 0.0, response : /static/styles/logo_top.png
2022-03-21 20:22:33 -   INFO   -       werkzeug       - 127.0.0.1 - - [21/Mar/2022 20:22:33] "[36mGET /static/styles/index.css HTTP/1.1[0m" 304 -
2022-03-21 20:22:34 -   INFO   -       werkzeug       - 127.0.0.1 - - [21/Mar/2022 20:22:34] "[36mGET /static/styles/logo_top.png HTTP/1.1[0m" 304 -
2022-03-21 20:22:34 -  ERROR   -        flaskr        - request response time: 0.004511117935180664, response : /static/favicon.ico
2022-03-21 20:22:34 -   INFO   -       werkzeug       - 127.0.0.1 - - [21/Mar/2022 20:22:34] "[36mGET /static/favicon.ico HTTP/1.1[0m" 304 -
2022-03-21 20:29:17 -   INFO   -       werkzeug       -  * Running on http://127.0.0.1:5000/ (Press CTRL+C to quit)
2022-03-21 20:29:21 -  ERROR   -        flaskr        - request response time: 0.03122091293334961, response : /
2022-03-21 20:29:22 -   INFO   -       werkzeug       - 127.0.0.1 - - [21/Mar/2022 20:29:22] "GET / HTTP/1.1" 200 -
2022-03-21 20:29:22 -  ERROR   -        flaskr        - request response time: 0.046892404556274414, response : /static/styles/index.css
2022-03-21 20:29:22 -  ERROR   -        flaskr        - request response time: 0.0, response : /static/styles/logo_top.png
2022-03-21 20:29:22 -   INFO   -       werkzeug       - 127.0.0.1 - - [21/Mar/2022 20:29:22] "[36mGET /static/styles/index.css HTTP/1.1[0m" 304 -
2022-03-21 20:29:23 -   INFO   -       werkzeug       - 127.0.0.1 - - [21/Mar/2022 20:29:23] "[36mGET /static/styles/logo_top.png HTTP/1.1[0m" 304 -
2022-03-21 20:29:23 -  ERROR   -        flaskr        - request response time: 0.0, response : /static/favicon.ico
2022-03-21 20:29:23 -   INFO   -       werkzeug       - 127.0.0.1 - - [21/Mar/2022 20:29:23] "[36mGET /static/favicon.ico HTTP/1.1[0m" 304 -
2022-03-21 20:31:44 -   INFO   -       werkzeug       -  * Running on http://127.0.0.1:5000/ (Press CTRL+C to quit)
2022-03-21 20:31:48 -  ERROR   -        flaskr        - Exception on / [GET]
Traceback (most recent call last):
  File "D:\Programmation\Python\Projet-Web\venv\lib\site-packages\flask\app.py", line 2073, in wsgi_app
    response = self.full_dispatch_request()
  File "D:\Programmation\Python\Projet-Web\venv\lib\site-packages\flask\app.py", line 1511, in full_dispatch_request
    self.try_trigger_before_first_request_functions()
  File "D:\Programmation\Python\Projet-Web\venv\lib\site-packages\flask\app.py", line 1563, in try_trigger_before_first_request_functions
    self.ensure_sync(func)()
  File "D:\Programmation\Python\Projet-Web\flaskr\auth_helper.py", line 48, in test
    _logger.removeHandler(_ColorStreamHandler())
AttributeError: 'NoneType' object has no attribute 'removeHandler'
2022-03-21 20:31:49 - WARNING  -        flaskr        - Error 500: http://127.0.0.1:5000/ by 127.0.0.1
2022-03-21 20:31:49 -  ERROR   -        flaskr        - Request finalizing failed with an error while handling an error
Traceback (most recent call last):
  File "D:\Programmation\Python\Projet-Web\venv\lib\site-packages\flask\app.py", line 1540, in finalize_request
    response = self.process_response(response)
  File "D:\Programmation\Python\Projet-Web\venv\lib\site-packages\flask\app.py", line 1885, in process_response
    response = self.ensure_sync(func)(response)
  File "D:\Programmation\Python\Projet-Web\flaskr\auth_helper.py", line 35, in after_request
    current_app.logger.error(f"request response time: {time.time() - g.t}, response : {request.path}")
  File "D:\Programmation\Python\Projet-Web\venv\lib\site-packages\flask\ctx.py", line 51, in __getattr__
    raise AttributeError(name) from None
AttributeError: t
2022-03-21 20:31:50 -   INFO   -       werkzeug       - 127.0.0.1 - - [21/Mar/2022 20:31:50] "[35m[1mGET / HTTP/1.1[0m" 500 -
2022-03-21 20:31:50 -  ERROR   -        flaskr        - Exception on /static/styles/logo_top.png [GET]
Traceback (most recent call last):
  File "D:\Programmation\Python\Projet-Web\venv\lib\site-packages\flask\app.py", line 2073, in wsgi_app
    response = self.full_dispatch_request()
  File "D:\Programmation\Python\Projet-Web\venv\lib\site-packages\flask\app.py", line 1511, in full_dispatch_request
    self.try_trigger_before_first_request_functions()
  File "D:\Programmation\Python\Projet-Web\venv\lib\site-packages\flask\app.py", line 1563, in try_trigger_before_first_request_functions
    self.ensure_sync(func)()
  File "D:\Programmation\Python\Projet-Web\flaskr\auth_helper.py", line 48, in test
    _logger.removeHandler(_ColorStreamHandler())
AttributeError: 'NoneType' object has no attribute 'removeHandler'
2022-03-21 20:31:50 - WARNING  -        flaskr        - Error 500: http://127.0.0.1:5000/static/styles/logo_top.png by 127.0.0.1
2022-03-21 20:31:51 -  ERROR   -        flaskr        - Request finalizing failed with an error while handling an error
Traceback (most recent call last):
  File "D:\Programmation\Python\Projet-Web\venv\lib\site-packages\flask\app.py", line 1540, in finalize_request
    response = self.process_response(response)
  File "D:\Programmation\Python\Projet-Web\venv\lib\site-packages\flask\app.py", line 1885, in process_response
    response = self.ensure_sync(func)(response)
  File "D:\Programmation\Python\Projet-Web\flaskr\auth_helper.py", line 35, in after_request
    current_app.logger.error(f"request response time: {time.time() - g.t}, response : {request.path}")
  File "D:\Programmation\Python\Projet-Web\venv\lib\site-packages\flask\ctx.py", line 51, in __getattr__
    raise AttributeError(name) from None
AttributeError: t
2022-03-21 20:31:52 -   INFO   -       werkzeug       - 127.0.0.1 - - [21/Mar/2022 20:31:52] "[35m[1mGET /static/styles/logo_top.png HTTP/1.1[0m" 500 -
2022-03-21 20:31:52 -  ERROR   -        flaskr        - Exception on /static/favicon.ico [GET]
Traceback (most recent call last):
  File "D:\Programmation\Python\Projet-Web\venv\lib\site-packages\flask\app.py", line 2073, in wsgi_app
    response = self.full_dispatch_request()
  File "D:\Programmation\Python\Projet-Web\venv\lib\site-packages\flask\app.py", line 1511, in full_dispatch_request
    self.try_trigger_before_first_request_functions()
  File "D:\Programmation\Python\Projet-Web\venv\lib\site-packages\flask\app.py", line 1563, in try_trigger_before_first_request_functions
    self.ensure_sync(func)()
  File "D:\Programmation\Python\Projet-Web\flaskr\auth_helper.py", line 48, in test
    _logger.removeHandler(_ColorStreamHandler())
AttributeError: 'NoneType' object has no attribute 'removeHandler'
2022-03-21 20:31:52 - WARNING  -        flaskr        - Error 500: http://127.0.0.1:5000/static/favicon.ico by 127.0.0.1
2022-03-21 20:31:52 -  ERROR   -        flaskr        - Request finalizing failed with an error while handling an error
Traceback (most recent call last):
  File "D:\Programmation\Python\Projet-Web\venv\lib\site-packages\flask\app.py", line 1540, in finalize_request
    response = self.process_response(response)
  File "D:\Programmation\Python\Projet-Web\venv\lib\site-packages\flask\app.py", line 1885, in process_response
    response = self.ensure_sync(func)(response)
  File "D:\Programmation\Python\Projet-Web\flaskr\auth_helper.py", line 35, in after_request
    current_app.logger.error(f"request response time: {time.time() - g.t}, response : {request.path}")
  File "D:\Programmation\Python\Projet-Web\venv\lib\site-packages\flask\ctx.py", line 51, in __getattr__
    raise AttributeError(name) from None
AttributeError: t
2022-03-21 20:31:53 -   INFO   -       werkzeug       - 127.0.0.1 - - [21/Mar/2022 20:31:53] "[35m[1mGET /static/favicon.ico HTTP/1.1[0m" 500 -
2022-03-21 20:44:15 -   INFO   -       werkzeug       -  * Running on http://127.0.0.1:5000/ (Press CTRL+C to quit)
2022-03-21 20:44:20 -  ERROR   -        flaskr        - Exception on / [GET]
Traceback (most recent call last):
  File "D:\Programmation\Python\Projet-Web\venv\lib\site-packages\flask\app.py", line 2073, in wsgi_app
    response = self.full_dispatch_request()
  File "D:\Programmation\Python\Projet-Web\venv\lib\site-packages\flask\app.py", line 1511, in full_dispatch_request
    self.try_trigger_before_first_request_functions()
  File "D:\Programmation\Python\Projet-Web\venv\lib\site-packages\flask\app.py", line 1563, in try_trigger_before_first_request_functions
    self.ensure_sync(func)()
  File "D:\Programmation\Python\Projet-Web\flaskr\auth_helper.py", line 48, in test
    _logger.removeHandler(_ColorStreamHandler())
AttributeError: 'NoneType' object has no attribute 'removeHandler'
2022-03-21 20:44:21 - WARNING  -        flaskr        - Error 500: http://127.0.0.1:5000/ by 127.0.0.1
2022-03-21 20:44:22 -  ERROR   -        flaskr        - Request finalizing failed with an error while handling an error
Traceback (most recent call last):
  File "D:\Programmation\Python\Projet-Web\venv\lib\site-packages\flask\app.py", line 1540, in finalize_request
    response = self.process_response(response)
  File "D:\Programmation\Python\Projet-Web\venv\lib\site-packages\flask\app.py", line 1885, in process_response
    response = self.ensure_sync(func)(response)
  File "D:\Programmation\Python\Projet-Web\flaskr\auth_helper.py", line 35, in after_request
    current_app.logger.error(f"request response time: {time.time() - g.t}, response : {request.path}")
  File "D:\Programmation\Python\Projet-Web\venv\lib\site-packages\flask\ctx.py", line 51, in __getattr__
    raise AttributeError(name) from None
AttributeError: t
2022-03-21 20:44:23 -   INFO   -       werkzeug       - 127.0.0.1 - - [21/Mar/2022 20:44:23] "[35m[1mGET / HTTP/1.1[0m" 500 -
2022-03-21 20:44:23 -  ERROR   -        flaskr        - Exception on /static/styles/logo_top.png [GET]
Traceback (most recent call last):
  File "D:\Programmation\Python\Projet-Web\venv\lib\site-packages\flask\app.py", line 2073, in wsgi_app
    response = self.full_dispatch_request()
  File "D:\Programmation\Python\Projet-Web\venv\lib\site-packages\flask\app.py", line 1511, in full_dispatch_request
    self.try_trigger_before_first_request_functions()
  File "D:\Programmation\Python\Projet-Web\venv\lib\site-packages\flask\app.py", line 1563, in try_trigger_before_first_request_functions
    self.ensure_sync(func)()
  File "D:\Programmation\Python\Projet-Web\flaskr\auth_helper.py", line 48, in test
    _logger.removeHandler(_ColorStreamHandler())
AttributeError: 'NoneType' object has no attribute 'removeHandler'
2022-03-21 20:44:23 - WARNING  -        flaskr        - Error 500: http://127.0.0.1:5000/static/styles/logo_top.png by 127.0.0.1
2022-03-21 20:44:23 -  ERROR   -        flaskr        - Request finalizing failed with an error while handling an error
Traceback (most recent call last):
  File "D:\Programmation\Python\Projet-Web\venv\lib\site-packages\flask\app.py", line 1540, in finalize_request
    response = self.process_response(response)
  File "D:\Programmation\Python\Projet-Web\venv\lib\site-packages\flask\app.py", line 1885, in process_response
    response = self.ensure_sync(func)(response)
  File "D:\Programmation\Python\Projet-Web\flaskr\auth_helper.py", line 35, in after_request
    current_app.logger.error(f"request response time: {time.time() - g.t}, response : {request.path}")
  File "D:\Programmation\Python\Projet-Web\venv\lib\site-packages\flask\ctx.py", line 51, in __getattr__
    raise AttributeError(name) from None
AttributeError: t
2022-03-21 20:44:24 -   INFO   -       werkzeug       - 127.0.0.1 - - [21/Mar/2022 20:44:24] "[35m[1mGET /static/styles/logo_top.png HTTP/1.1[0m" 500 -
2022-03-21 20:44:24 -  ERROR   -        flaskr        - Exception on /static/favicon.ico [GET]
Traceback (most recent call last):
  File "D:\Programmation\Python\Projet-Web\venv\lib\site-packages\flask\app.py", line 2073, in wsgi_app
    response = self.full_dispatch_request()
  File "D:\Programmation\Python\Projet-Web\venv\lib\site-packages\flask\app.py", line 1511, in full_dispatch_request
    self.try_trigger_before_first_request_functions()
  File "D:\Programmation\Python\Projet-Web\venv\lib\site-packages\flask\app.py", line 1563, in try_trigger_before_first_request_functions
    self.ensure_sync(func)()
  File "D:\Programmation\Python\Projet-Web\flaskr\auth_helper.py", line 48, in test
    _logger.removeHandler(_ColorStreamHandler())
AttributeError: 'NoneType' object has no attribute 'removeHandler'
2022-03-21 20:44:25 - WARNING  -        flaskr        - Error 500: http://127.0.0.1:5000/static/favicon.ico by 127.0.0.1
2022-03-21 20:44:25 -  ERROR   -        flaskr        - Request finalizing failed with an error while handling an error
Traceback (most recent call last):
  File "D:\Programmation\Python\Projet-Web\venv\lib\site-packages\flask\app.py", line 1540, in finalize_request
    response = self.process_response(response)
  File "D:\Programmation\Python\Projet-Web\venv\lib\site-packages\flask\app.py", line 1885, in process_response
    response = self.ensure_sync(func)(response)
  File "D:\Programmation\Python\Projet-Web\flaskr\auth_helper.py", line 35, in after_request
    current_app.logger.error(f"request response time: {time.time() - g.t}, response : {request.path}")
  File "D:\Programmation\Python\Projet-Web\venv\lib\site-packages\flask\ctx.py", line 51, in __getattr__
    raise AttributeError(name) from None
AttributeError: t
2022-03-21 20:44:26 -   INFO   -       werkzeug       - 127.0.0.1 - - [21/Mar/2022 20:44:26] "[35m[1mGET /static/favicon.ico HTTP/1.1[0m" 500 -
2022-03-21 20:53:07 -   INFO   -       werkzeug       -  * Running on http://127.0.0.1:5000/ (Press CTRL+C to quit)
2022-03-21 20:53:14 -   INFO   -        flaskr        - request response time: 0.20424294471740723, response : /
2022-03-21 20:53:15 -   INFO   -       werkzeug       - 127.0.0.1 - - [21/Mar/2022 20:53:15] "GET / HTTP/1.1" 200 -
2022-03-21 20:53:15 -   INFO   -        flaskr        - request response time: 0.04729199409484863, response : /static/styles/index.css
2022-03-21 20:53:15 -   INFO   -        flaskr        - request response time: 0.0, response : /static/styles/logo_top.png
2022-03-21 20:53:15 -   INFO   -       werkzeug       - 127.0.0.1 - - [21/Mar/2022 20:53:15] "[36mGET /static/styles/index.css HTTP/1.1[0m" 304 -
2022-03-21 20:53:16 -   INFO   -       werkzeug       - 127.0.0.1 - - [21/Mar/2022 20:53:16] "GET /static/styles/logo_top.png HTTP/1.1" 200 -
2022-03-21 20:53:16 -   INFO   -        flaskr        - request response time: 0.001024007797241211, response : /static/favicon.ico
2022-03-21 20:53:16 -   INFO   -       werkzeug       - 127.0.0.1 - - [21/Mar/2022 20:53:16] "GET /static/favicon.ico HTTP/1.1" 200 -
